TN:
SF:src/index.ts
FN:1,(empty-report)
FNF:1
FNH:0
FNDA:0,(empty-report)
DA:1,0
DA:2,0
DA:3,0
LF:3
LH:0
BRDA:1,0,0,0
BRF:1
BRH:0
end_of_record
TN:
SF:src/hooks/useParamChangeWatcher.ts
FN:7,useParamChangeWatcher
FNF:1
FNH:1
FNDA:2,useParamChangeWatcher
DA:1,1
DA:2,1
DA:7,1
DA:8,2
DA:9,2
DA:10,2
DA:11,2
DA:12,2
DA:14,2
DA:15,2
DA:16,2
DA:17,2
DA:18,1
DA:19,1
DA:20,1
DA:21,2
DA:22,2
LF:17
LH:17
BRDA:7,0,0,2
BRDA:14,1,0,2
BRDA:17,2,0,1
BRF:3
BRH:3
end_of_record
TN:
SF:src/hooks/useParamConfig.ts
FN:9,useParamConfig
FNF:1
FNH:1
FNDA:4,useParamConfig
DA:1,1
DA:2,1
DA:3,1
DA:4,1
DA:9,1
DA:12,4
DA:13,4
DA:14,4
DA:16,4
DA:17,4
DA:18,4
DA:20,4
DA:21,4
DA:22,2
DA:23,2
DA:24,2
DA:25,2
DA:26,2
DA:27,2
DA:28,4
DA:29,4
DA:31,4
DA:32,4
LF:23
LH:23
BRDA:9,0,0,4
BRDA:14,1,0,0
BRDA:16,2,0,4
BRDA:21,3,0,2
BRF:4
BRH:3
end_of_record
TN:
SF:src/hooks/useSubParamState.ts
FN:7,useSubParamState
FNF:1
FNH:1
FNDA:2,useSubParamState
DA:1,1
DA:2,1
DA:7,1
DA:10,2
DA:11,2
DA:13,2
DA:15,2
DA:16,2
DA:17,1
DA:18,1
DA:19,2
DA:20,2
DA:22,2
DA:23,2
LF:14
LH:14
BRDA:7,0,0,2
BRDA:13,1,0,2
BRDA:13,2,0,0
BRDA:16,3,0,1
BRF:4
BRH:3
end_of_record
TN:
SF:src/utils/buildViewerString.ts
FN:1,buildViewerString
FNF:1
FNH:1
FNDA:2,buildViewerString
DA:1,1
DA:2,2
DA:3,2
DA:4,2
DA:5,2
LF:5
LH:5
BRDA:1,0,0,2
BRDA:3,1,0,2
BRF:2
BRH:2
end_of_record
TN:
SF:src/utils/parseViewerString.ts
FN:1,parseViewerString
FNF:1
FNH:1
FNDA:6,parseViewerString
DA:1,1
DA:2,6
DA:3,6
DA:4,6
DA:5,6
DA:6,6
DA:7,6
DA:8,6
LF:8
LH:8
BRDA:1,0,0,6
BRDA:5,1,0,6
BRDA:6,2,0,6
BRF:3
BRH:3
end_of_record
